  WithdrwalUI.cpp
e:\porfol\portfolio\투표시스템 프로젝트\소프트웨어공학 과제_3 코드\withdrwalui.cpp : fatal error C1041: 프로그램 데이터베이스 'E:\porfol\portfolio\투표시스템 프로젝트\소프트웨어공학 과제_3 코드\x64\Debug\vc140.idb'을(를) 열 수 없습니다. 여러 CL.EXE에서 동일한 .PDB 파일에 쓰는 경우 /FS를 사용하십시오.
  Withdrwal.cpp
  VoteForUI.cpp
  VoteFor.cpp
  VoteCollection.cpp
  Vote.cpp
  UserCollection.cpp
  User.cpp
  Timer.cpp
  ShowJoinedGroupUI.cpp
  ShowJoinedGroup.cpp
  ShowAllGroupUI.cpp
  ShowAllGroup.cpp
  PreVoteListUI.cpp
  PreVoteList.cpp
  PostVoteListUI.cpp
  PostVoteList.cpp
  Main.cpp
  LogoutUI.cpp
  Logout.cpp
  코드를 생성하고 있습니다...
  컴파일하고 있습니다...
  LoginUI.cpp
  Login.cpp
  LeaveGroupUI.cpp
  LeaveGroup.cpp
  JoinUI.cpp
  JoinGroupUI.cpp
  JoinGroup.cpp
  Join.cpp
  GroupCollection.cpp
  Group.cpp
  CurrentVoteListUI.cpp
  CurrentVoteList.cpp
  CreateVoteUI.cpp
  CreateVote.cpp
  CreateGroupUI.cpp
  CreateGroup.cpp
  ControlAndCollection.cpp
  코드를 생성하고 있습니다...
